<?xml version="1.0" encoding="UTF-8" ?>
<testsuite tests="11" failures="0" name="cucumberJava.runTest" time="2.261" errors="0" skipped="0">
  <properties>
    <property name="java.runtime.name" value="OpenJDK Runtime Environment"/>
    <property name="sun.boot.library.path" value="C:\Users\nilimapradipm\Softwares\java-1.8.0-openjdk\jre\bin"/>
    <property name="java.vm.version" value="25.282-b08"/>
    <property name="java.vm.vendor" value="Red Hat, Inc."/>
    <property name="maven.multiModuleProjectDirectory" value="C:\Users\nilimapradipm\eclipse-workspace\CucumberTest"/>
    <property name="java.vendor.url" value="https://developers.redhat.com/"/>
    <property name="path.separator" value=";"/>
    <property name="guice.disable.misplaced.annotation.check" value="true"/>
    <property name="java.vm.name" value="OpenJDK 64-Bit Server VM"/>
    <property name="file.encoding.pkg" value="sun.io"/>
    <property name="user.script" value=""/>
    <property name="user.country" value="IN"/>
    <property name="sun.java.launcher" value="SUN_STANDARD"/>
    <property name="sun.os.patch.level" value=""/>
    <property name="java.vm.specification.name" value="Java Virtual Machine Specification"/>
    <property name="user.dir" value="C:\Users\nilimapradipm\eclipse-workspace\CucumberTest"/>
    <property name="java.runtime.version" value="1.8.0_282-b08"/>
    <property name="java.awt.graphicsenv" value="sun.awt.Win32GraphicsEnvironment"/>
    <property name="java.endorsed.dirs" value="C:\Users\nilimapradipm\Softwares\java-1.8.0-openjdk\jre\lib\endorsed"/>
    <property name="os.arch" value="amd64"/>
    <property name="java.io.tmpdir" value="C:\Users\NILIMA~1\AppData\Local\Temp\"/>
    <property name="line.separator" value="
"/>
    <property name="java.vm.specification.vendor" value="Oracle Corporation"/>
    <property name="user.variant" value=""/>
    <property name="os.name" value="Windows 10"/>
    <property name="classworlds.conf" value="C:\Users\nilimapradipm\Downloads\apache-maven-3.6.3-bin\apache-maven-3.6.3\bin\..\bin\m2.conf"/>
    <property name="sun.jnu.encoding" value="Cp1252"/>
    <property name="java.library.path" value="C:\Users\nilimapradipm\Softwares\java-1.8.0-openjdk\bin;C:\windows\Sun\Java\bin;C:\windows\system32;C:\windows;C:\Program Files (x86)\Common Files\Oracle\Java\javapath;C:\windows\system32;C:\windows;C:\windows\System32\Wbem;C:\windows\System32\WindowsPowerShell\v1.0\;C:\windows\System32\OpenSSH\;C:\Program Files\Git\cmd;C:\Program Files\nodejs\;C:\Program Files\Docker\Docker\resources\bin;C:\ProgramData\DockerDesktop\version-bin;C:\Users\nilimapradipm\Downloads\apache-maven-3.6.3-bin\apache-maven-3.6.3\bin;C:\Users\nilimapradipm\AppData\Local\Microsoft\WindowsApps;C:\Users\nilimapradipm\AppData\Local\Programs\Microsoft VS Code\bin;C:\Users\nilimapradipm\AppData\Local\Programs\Git\cmd;C:\Users\nilimapradipm\Softwares\java-1.8.0-openjdk\bin;;."/>
    <property name="maven.conf" value="C:\Users\nilimapradipm\Downloads\apache-maven-3.6.3-bin\apache-maven-3.6.3\bin\../conf"/>
    <property name="java.specification.name" value="Java Platform API Specification"/>
    <property name="java.class.version" value="52.0"/>
    <property name="sun.management.compiler" value="HotSpot 64-Bit Tiered Compilers"/>
    <property name="os.version" value="10.0"/>
    <property name="library.jansi.path" value="C:\Users\nilimapradipm\Downloads\apache-maven-3.6.3-bin\apache-maven-3.6.3\bin\..\lib\jansi-native"/>
    <property name="user.home" value="C:\Users\nilimapradipm"/>
    <property name="user.timezone" value="Asia/Calcutta"/>
    <property name="java.awt.printerjob" value="sun.awt.windows.WPrinterJob"/>
    <property name="java.specification.version" value="1.8"/>
    <property name="file.encoding" value="Cp1252"/>
    <property name="user.name" value="nilimapradipm"/>
    <property name="java.class.path" value="C:\Users\nilimapradipm\Downloads\apache-maven-3.6.3-bin\apache-maven-3.6.3\bin\..\boot\plexus-classworlds-2.6.0.jar"/>
    <property name="java.vm.specification.version" value="1.8"/>
    <property name="sun.arch.data.model" value="64"/>
    <property name="java.home" value="C:\Users\nilimapradipm\Softwares\java-1.8.0-openjdk\jre"/>
    <property name="sun.java.command" value="org.codehaus.plexus.classworlds.launcher.Launcher install"/>
    <property name="java.specification.vendor" value="Oracle Corporation"/>
    <property name="user.language" value="en"/>
    <property name="awt.toolkit" value="sun.awt.windows.WToolkit"/>
    <property name="java.vm.info" value="mixed mode"/>
    <property name="java.version" value="1.8.0_282"/>
    <property name="java.ext.dirs" value="C:\Users\nilimapradipm\Softwares\java-1.8.0-openjdk\jre\lib\ext;C:\windows\Sun\Java\lib\ext"/>
    <property name="sun.boot.class.path" value="C:\Users\nilimapradipm\Softwares\java-1.8.0-openjdk\jre\lib\resources.jar;C:\Users\nilimapradipm\Softwares\java-1.8.0-openjdk\jre\lib\rt.jar;C:\Users\nilimapradipm\Softwares\java-1.8.0-openjdk\jre\lib\sunrsasign.jar;C:\Users\nilimapradipm\Softwares\java-1.8.0-openjdk\jre\lib\jsse.jar;C:\Users\nilimapradipm\Softwares\java-1.8.0-openjdk\jre\lib\jce.jar;C:\Users\nilimapradipm\Softwares\java-1.8.0-openjdk\jre\lib\charsets.jar;C:\Users\nilimapradipm\Softwares\java-1.8.0-openjdk\jre\lib\jfr.jar;C:\Users\nilimapradipm\Softwares\java-1.8.0-openjdk\jre\classes"/>
    <property name="sun.stderr.encoding" value="cp437"/>
    <property name="java.vendor" value="Red Hat, Inc."/>
    <property name="maven.home" value="C:\Users\nilimapradipm\Downloads\apache-maven-3.6.3-bin\apache-maven-3.6.3\bin\.."/>
    <property name="file.separator" value="\"/>
    <property name="java.vendor.url.bug" value="https://bugzilla.redhat.com/enter_bug.cgi"/>
    <property name="sun.cpu.endian" value="little"/>
    <property name="sun.io.unicode.encoding" value="UnicodeLittle"/>
    <property name="sun.stdout.encoding" value="cp437"/>
    <property name="sun.desktop" value="windows"/>
    <property name="sun.cpu.isalist" value="amd64"/>
  </properties>
  <testcase classname="Given I open Facebook website   " name="Given I open Facebook website   " time="0.005"/>
  <testcase classname="Then Login button should exists    " name="Then Login button should exists    " time="0"/>
  <testcase classname="Scenario: Login button exists  " name="Scenario: Login button exists  " time="0.591"/>
  <testcase classname="Given I open Facebook website        " name="Given I open Facebook website        " time="0"/>
  <testcase classname="When User enters username1 and password1         " name="When User enters username1 and password1         " time="0"/>
  <testcase classname="Then Message displayed incorrect          " name="Then Message displayed incorrect          " time="0"/>
  <testcase classname="| username1 | password1 |       " name="| username1 | password1 |       " time="0.75"/>
  <testcase classname="Given I open Facebook website            " name="Given I open Facebook website            " time="0"/>
  <testcase classname="When User enters username2 and password2             " name="When User enters username2 and password2             " time="0"/>
  <testcase classname="Then Message displayed incorrect              " name="Then Message displayed incorrect              " time="0"/>
  <testcase classname="| username2 | password2 |           " name="| username2 | password2 |           " time="0.915"/>
</testsuite>